{
    "tests": [
        {
            "score": 0.0,
            "max_score": 25.0,
            "name": "test_longest_line.py::test_1[everything-else]",
            "output": "\ngroup_name = 'everything-else'\n\n    def new_func(group_name):\n        group_stat = group_stats[group_name]\n        if not group_stat['passed']:\n>           assert group_stat['observed'] == group_stat['expected']\nE           AssertionError: assert '                                                                                ' == 'six words are on this line\\n                                                     '\nE             Strings contain only whitespace, escaping them using repr()\nE             - 'six words are on this line\\n                                                     '\nE             + '                                                                                '\n\nC:\\Users\\noah1\\AppData\\Local\\Programs\\Python\\Python311\\Lib\\site-packages\\byu_pytest_utils\\dialog.py:31: AssertionError",
            "visibility": "visible"
        },
        {
            "score": 0.0,
            "max_score": 25.0,
            "name": "test_longest_line.py::test_2[everything-else]",
            "output": "\ngroup_name = 'everything-else'\n\n    def new_func(group_name):\n        group_stat = group_stats[group_name]\n        if not group_stat['passed']:\n>           assert group_stat['observed'] == group_stat['expected']\nE           AssertionError: assert '                                                                                ' == 'Ethernet Windows LAN kernel GUI ML firewall SQL IDE virus\\n                      '\nE             Strings contain only whitespace, escaping them using repr()\nE             - 'Ethernet Windows LAN kernel GUI ML firewall SQL IDE virus\\n                      '\nE             + '                                                                                '\n\nC:\\Users\\noah1\\AppData\\Local\\Programs\\Python\\Python311\\Lib\\site-packages\\byu_pytest_utils\\dialog.py:31: AssertionError",
            "visibility": "visible"
        },
        {
            "score": 0,
            "max_score": 25,
            "name": "test_reformat.py::test_1[load-tests]",
            "output": "\ngroup_name = 'load-tests'\n\n    def new_func(group_name):\n        group_stat = group_stats[group_name]\n        if not group_stat['passed']:\n>           assert group_stat['observed'] == group_stat['expected']\nE           assert 'Traceback (most recent call last):\\n  File \"C:\\\\Users\\\\noah1\\\\AppData\\\\Local\\\\Programs\\\\Python\\\\Python311\\\\Lib\\\\site-packages\\\\byu_pytest_utils\\\\dialog.py\", line 59, in dialog_exec\\n    executable = executable()\\n                 ^^^^^^^^^^^^\\n  File \"C:\\\\Users\\\\noah1\\\\Desktop\\\\school stuff\\\\Fall 2023\\\\CS235\\\\cs235-assignments\\\\Unit01-Intro-to-cpp\\\\homework1b-file-io\\\\test_reformat.py\", line 7, in reformat_bin\\n    return compile_cpp(\\'reformat.cpp\\', output_exec=\\'reformat\\')\\n           ^^^^^^^^^^^^^^^^^^^^^^^^^^^^^^^^^^^^^^^^^^^^^^^^^^^\\n  File \"C:\\\\Users\\\\noah1\\\\AppData\\\\Local\\\\Programs\\\\Python\\\\Python311\\\\Lib\\\\site-packages\\\\byu_pytest_utils\\\\cpp_utils.py\", line 12, in compile_cpp\\n    raise Exception(f\\'\"{command}\" failed:\\\\n{proc.stdout}\\')\\nException: \"g++ -Wall -std=c++17 -o reformat reformat.cpp\" failed:\\nreformat.cpp:3:16: error: expected \\';\\' before \\',\\' token\\n using std::endl, std::cerr, std::string;\\n                ^\\nreformat.cpp:3:16: error: expected unqualified-id before \\',\\' token\\nreformat.cpp:3:27: error: expected constructor, destructor, or type conversion before \\',\\' token\\n using std::endl, std::cerr, std::string;\\n                           ^\\nreformat.cpp:3:40: error: expected constructor, destructor, or type conversion before \\';\\' token\\n using std::endl, std::cerr, std::string;\\n                                        ^\\nreformat.cpp:5:20: error: expected \\';\\' before \\',\\' token\\n using std::ifstream, std::ofstream;\\n                    ^\\nreformat.cpp:5:20: error: expected unqualified-id before \\',\\' token\\nreformat.cpp:5:35: error: expected constructor, destructor, or type conversion before \\';\\' token\\n using std::ifstream, std::ofstream;\\n                                   ^\\nreformat.cpp: In function \\'int main(int, const char**)\\':\\nreformat.cpp:13:9: error: \\'cerr\\' was not declared in this scope\\n         cerr << \"This program needs an input file, output file, points, and factor\" << endl;\\n         ^\\nreformat.cpp:13:9: note: suggested alternative:\\nIn file included from reformat.cpp:1:0:\\nC:/TDM-GCC-64/lib/gcc/x86_64-w64-mingw32/5.1.0/include/c++/iostream:62:18: note:   \\'std::cerr\\'\\n   extern ostream cerr;  /// Linked to standard error (unbuffered)\\n                  ^\\nreformat.cpp:20:9: error: \\'cerr\\' was not declared in this scope\\n         cerr << \"Unable to open file for reading: \" << argv[1] << endl;\\n         ^\\nreformat.cpp:20:9: note: suggested alternative:\\nIn file included from reformat.cpp:1:0:\\nC:/TDM-GCC-64/lib/gcc/x86_64-w64-mingw32/5.1.0/include/c++/iostream:62:18: note:   \\'std::cerr\\'\\n   extern ostream cerr;  /// Linked to standard error (unbuffered)\\n                  ^\\nreformat.cpp:24:5: error: \\'ofstream\\' was not declared in this scope\\n     ofstream outfile(argv[2]); // open output.txt\\n     ^\\nreformat.cpp:24:5: note: suggested alternative:\\nIn file included from C:/TDM-GCC-64/lib/gcc/x86_64-w64-mingw32/5.1.0/include/c++/ios:38:0,\\n                 from C:/TDM-GCC-64/lib/gcc/x86_64-w64-mingw32/5.1.0/include/c++/ostream:38,\\n                 from C:/TDM-GCC-64/lib/gcc/x86_64-w64-mingw32/5.1.0/include/c++/iostream:39,\\n                 from reformat.cpp:1:\\nC:/TDM-GCC-64/lib/gcc/x86_64-w64-mingw32/5.1.0/include/c++/iosfwd:165:34: note:   \\'std::ofstream\\'\\n   typedef basic_ofstream<char>   ofstream;\\n                                  ^\\nreformat.cpp:25:10: error: \\'outfile\\' was not declared in this scope\\n     if (!outfile.is_open())\\n          ^\\nreformat.cpp:27:9: error: \\'cerr\\' was not declared in this scope\\n         cerr << \"Unable to open file for writing: \" << argv[2] << endl;\\n         ^\\nreformat.cpp:27:9: note: suggested alternative:\\nIn file included from reformat.cpp:1:0:\\nC:/TDM-GCC-64/lib/gcc/x86_64-w64-mingw32/5.1.0/include/c++/iostream:62:18: note:   \\'std::cerr\\'\\n   extern ostream cerr;  /// Linked to standard error (unbuffered)\\n                  ^\\nreformat.cpp:31:5: error: \\'string\\' was not declared in this scope\\n     string firstName;\\n     ^\\nreformat.cpp:31:5: note: suggested alternatives:\\nIn file included from C:/TDM-GCC-64/lib/gcc/x86_64-w64-mingw32/5.1.0/include/c++/iosfwd:39:0,\\n                 from C:/TDM-GCC-64/lib/gcc/x86_64-w64-mingw32/5.1.0/include/c++/ios:38,\\n                 from C:/TDM-GCC-64/lib/gcc/x86_64-w64-mingw32/5.1.0/include/c++/ostream:38,\\n                 from C:/TDM-GCC-64/lib/gcc/x86_64-w64-mingw32/5.1.0/include/c++/iostream:39,\\n                 from reformat.cpp:1:\\nC:/TDM-GCC-64/lib/gcc/x86_64-w64-mingw32/5.1.0/include/c++/bits/stringfwd.h:74:33: note:   \\'std::__cxx11::string\\'\\n   typedef basic_string<char>    string;   \\n                                 ^\\nC:/TDM-GCC-64/lib/gcc/x86_64-w64-mingw32/5.1.0/include/c++/bits/stringfwd.h:74:33: note:   \\'std::__cxx11::string\\'\\nreformat.cpp:32:12: error: expected \\';\\' before \\'lastName\\'\\n     string lastName;\\n            ^\\nreformat.cpp:36:23: error: \\'firstName\\' was not declared in this scope\\n     while ( infile >> firstName >> lastName >> points >> factor)\\n                       ^\\nreformat.cpp:36:36: error: \\'lastName\\' was not declared in this scope\\n     while ( infile >> firstName >> lastName >> points >> factor)\\n                                    ^\\nreformat.cpp:39:8: error: \\'outfile\\' was not declared in this scope\\n        outfile << lastName << \", \" << firstName << \": \" << factor * points << endl;\\n        ^\\nreformat.cpp:43:5: error: \\'outfile\\' was not declared in this scope\\n     outfile.close();\\n     ^\\n\\n' == ''\nE             + Traceback (most recent call last):\nE             +   File \"C:\\Users\\noah1\\AppData\\Local\\Programs\\Python\\Python311\\Lib\\site-packages\\byu_pytest_utils\\dialog.py\", line 59, in dialog_exec\nE             +     executable = executable()\nE             +                  ^^^^^^^^^^^^\nE             +   File \"C:\\Users\\noah1\\Desktop\\school stuff\\Fall 2023\\CS235\\cs235-assignments\\Unit01-Intro-to-cpp\\homework1b-file-io\\test_reformat.py\", line 7, in reformat_bin\nE             +     return compile_cpp('reformat.cpp', output_exec='reformat')\nE             +            ^^^^^^^^^^^^^^^^^^^^^^^^^^^^^^^^^^^^^^^^^^^^^^^^^^^\nE             +   File \"C:\\Users\\noah1\\AppData\\Local\\Programs\\Python\\Python311\\Lib\\site-packages\\byu_pytest_utils\\cpp_utils.py\", line 12, in compile_cpp\nE             +     raise Exception(f'\"{command}\" failed:\\n{proc.stdout}')\nE             + Exception: \"g++ -Wall -std=c++17 -o reformat reformat.cpp\" failed:\nE             + reformat.cpp:3:16: error: expected ';' before ',' token\nE             +  using std::endl, std::cerr, std::string;\nE             +                 ^\nE             + reformat.cpp:3:16: error: expected unqualified-id before ',' token\nE             + reformat.cpp:3:27: error: expected constructor, destructor, or type conversion before ',' token\nE             +  using std::endl, std::cerr, std::string;\nE             +                            ^\nE             + reformat.cpp:3:40: error: expected constructor, destructor, or type conversion before ';' token\nE             +  using std::endl, std::cerr, std::string;\nE             +                                         ^\nE             + reformat.cpp:5:20: error: expected ';' before ',' token\nE             +  using std::ifstream, std::ofstream;\nE             +                     ^\nE             + reformat.cpp:5:20: error: expected unqualified-id before ',' token\nE             + reformat.cpp:5:35: error: expected constructor, destructor, or type conversion before ';' token\nE             +  using std::ifstream, std::ofstream;\nE             +                                    ^\nE             + reformat.cpp: In function 'int main(int, const char**)':\nE             + reformat.cpp:13:9: error: 'cerr' was not declared in this scope\nE             +          cerr << \"This program needs an input file, output file, points, and factor\" << endl;\nE             +          ^\nE             + reformat.cpp:13:9: note: suggested alternative:\nE             + In file included from reformat.cpp:1:0:\nE             + C:/TDM-GCC-64/lib/gcc/x86_64-w64-mingw32/5.1.0/include/c++/iostream:62:18: note:   'std::cerr'\nE             +    extern ostream cerr;  /// Linked to standard error (unbuffered)\nE             +                   ^\nE             + reformat.cpp:20:9: error: 'cerr' was not declared in this scope\nE             +          cerr << \"Unable to open file for reading: \" << argv[1] << endl;\nE             +          ^\nE             + reformat.cpp:20:9: note: suggested alternative:\nE             + In file included from reformat.cpp:1:0:\nE             + C:/TDM-GCC-64/lib/gcc/x86_64-w64-mingw32/5.1.0/include/c++/iostream:62:18: note:   'std::cerr'\nE             +    extern ostream cerr;  /// Linked to standard error (unbuffered)\nE             +                   ^\nE             + reformat.cpp:24:5: error: 'ofstream' was not declared in this scope\nE             +      ofstream outfile(argv[2]); // open output.txt\nE             +      ^\nE             + reformat.cpp:24:5: note: suggested alternative:\nE             + In file included from C:/TDM-GCC-64/lib/gcc/x86_64-w64-mingw32/5.1.0/include/c++/ios:38:0,\nE             +                  from C:/TDM-GCC-64/lib/gcc/x86_64-w64-mingw32/5.1.0/include/c++/ostream:38,\nE             +                  from C:/TDM-GCC-64/lib/gcc/x86_64-w64-mingw32/5.1.0/include/c++/iostream:39,\nE             +                  from reformat.cpp:1:\nE             + C:/TDM-GCC-64/lib/gcc/x86_64-w64-mingw32/5.1.0/include/c++/iosfwd:165:34: note:   'std::ofstream'\nE             +    typedef basic_ofstream<char>   ofstream;\nE             +                                   ^\nE             + reformat.cpp:25:10: error: 'outfile' was not declared in this scope\nE             +      if (!outfile.is_open())\nE             +           ^\nE             + reformat.cpp:27:9: error: 'cerr' was not declared in this scope\nE             +          cerr << \"Unable to open file for writing: \" << argv[2] << endl;\nE             +          ^\nE             + reformat.cpp:27:9: note: suggested alternative:\nE             + In file included from reformat.cpp:1:0:\nE             + C:/TDM-GCC-64/lib/gcc/x86_64-w64-mingw32/5.1.0/include/c++/iostream:62:18: note:   'std::cerr'\nE             +    extern ostream cerr;  /// Linked to standard error (unbuffered)\nE             +                   ^\nE             + reformat.cpp:31:5: error: 'string' was not declared in this scope\nE             +      string firstName;\nE             +      ^\nE             + reformat.cpp:31:5: note: suggested alternatives:\nE             + In file included from C:/TDM-GCC-64/lib/gcc/x86_64-w64-mingw32/5.1.0/include/c++/iosfwd:39:0,\nE             +                  from C:/TDM-GCC-64/lib/gcc/x86_64-w64-mingw32/5.1.0/include/c++/ios:38,\nE             +                  from C:/TDM-GCC-64/lib/gcc/x86_64-w64-mingw32/5.1.0/include/c++/ostream:38,\nE             +                  from C:/TDM-GCC-64/lib/gcc/x86_64-w64-mingw32/5.1.0/include/c++/iostream:39,\nE             +                  from reformat.cpp:1:\nE             + C:/TDM-GCC-64/lib/gcc/x86_64-w64-mingw32/5.1.0/include/c++/bits/stringfwd.h:74:33: note:   'std::__cxx11::string'\nE             +    typedef basic_string<char>    string;   \nE             +                                  ^\nE             + C:/TDM-GCC-64/lib/gcc/x86_64-w64-mingw32/5.1.0/include/c++/bits/stringfwd.h:74:33: note:   'std::__cxx11::string'\nE             + reformat.cpp:32:12: error: expected ';' before 'lastName'\nE             +      string lastName;\nE             +             ^\nE             + reformat.cpp:36:23: error: 'firstName' was not declared in this scope\nE             +      while ( infile >> firstName >> lastName >> points >> factor)\nE             +                        ^\nE             + reformat.cpp:36:36: error: 'lastName' was not declared in this scope\nE             +      while ( infile >> firstName >> lastName >> points >> factor)\nE             +                                     ^\nE             + reformat.cpp:39:8: error: 'outfile' was not declared in this scope\nE             +         outfile << lastName << \", \" << firstName << \": \" << factor * points << endl;\nE             +         ^\nE             + reformat.cpp:43:5: error: 'outfile' was not declared in this scope\nE             +      outfile.close();\nE             +      ^\nE             +\n\nC:\\Users\\noah1\\AppData\\Local\\Programs\\Python\\Python311\\Lib\\site-packages\\byu_pytest_utils\\dialog.py:31: AssertionError",
            "visibility": "visible"
        },
        {
            "score": 0,
            "max_score": 25,
            "name": "test_reformat.py::test_2[load-tests]",
            "output": "\ngroup_name = 'load-tests'\n\n    def new_func(group_name):\n        group_stat = group_stats[group_name]\n        if not group_stat['passed']:\n>           assert group_stat['observed'] == group_stat['expected']\nE           assert 'Traceback (most recent call last):\\n  File \"C:\\\\Users\\\\noah1\\\\AppData\\\\Local\\\\Programs\\\\Python\\\\Python311\\\\Lib\\\\site-packages\\\\byu_pytest_utils\\\\dialog.py\", line 59, in dialog_exec\\n    executable = executable()\\n                 ^^^^^^^^^^^^\\n  File \"C:\\\\Users\\\\noah1\\\\Desktop\\\\school stuff\\\\Fall 2023\\\\CS235\\\\cs235-assignments\\\\Unit01-Intro-to-cpp\\\\homework1b-file-io\\\\test_reformat.py\", line 7, in reformat_bin\\n    return compile_cpp(\\'reformat.cpp\\', output_exec=\\'reformat\\')\\n           ^^^^^^^^^^^^^^^^^^^^^^^^^^^^^^^^^^^^^^^^^^^^^^^^^^^\\n  File \"C:\\\\Users\\\\noah1\\\\AppData\\\\Local\\\\Programs\\\\Python\\\\Python311\\\\Lib\\\\site-packages\\\\byu_pytest_utils\\\\cpp_utils.py\", line 12, in compile_cpp\\n    raise Exception(f\\'\"{command}\" failed:\\\\n{proc.stdout}\\')\\nException: \"g++ -Wall -std=c++17 -o reformat reformat.cpp\" failed:\\nreformat.cpp:3:16: error: expected \\';\\' before \\',\\' token\\n using std::endl, std::cerr, std::string;\\n                ^\\nreformat.cpp:3:16: error: expected unqualified-id before \\',\\' token\\nreformat.cpp:3:27: error: expected constructor, destructor, or type conversion before \\',\\' token\\n using std::endl, std::cerr, std::string;\\n                           ^\\nreformat.cpp:3:40: error: expected constructor, destructor, or type conversion before \\';\\' token\\n using std::endl, std::cerr, std::string;\\n                                        ^\\nreformat.cpp:5:20: error: expected \\';\\' before \\',\\' token\\n using std::ifstream, std::ofstream;\\n                    ^\\nreformat.cpp:5:20: error: expected unqualified-id before \\',\\' token\\nreformat.cpp:5:35: error: expected constructor, destructor, or type conversion before \\';\\' token\\n using std::ifstream, std::ofstream;\\n                                   ^\\nreformat.cpp: In function \\'int main(int, const char**)\\':\\nreformat.cpp:13:9: error: \\'cerr\\' was not declared in this scope\\n         cerr << \"This program needs an input file, output file, points, and factor\" << endl;\\n         ^\\nreformat.cpp:13:9: note: suggested alternative:\\nIn file included from reformat.cpp:1:0:\\nC:/TDM-GCC-64/lib/gcc/x86_64-w64-mingw32/5.1.0/include/c++/iostream:62:18: note:   \\'std::cerr\\'\\n   extern ostream cerr;  /// Linked to standard error (unbuffered)\\n                  ^\\nreformat.cpp:20:9: error: \\'cerr\\' was not declared in this scope\\n         cerr << \"Unable to open file for reading: \" << argv[1] << endl;\\n         ^\\nreformat.cpp:20:9: note: suggested alternative:\\nIn file included from reformat.cpp:1:0:\\nC:/TDM-GCC-64/lib/gcc/x86_64-w64-mingw32/5.1.0/include/c++/iostream:62:18: note:   \\'std::cerr\\'\\n   extern ostream cerr;  /// Linked to standard error (unbuffered)\\n                  ^\\nreformat.cpp:24:5: error: \\'ofstream\\' was not declared in this scope\\n     ofstream outfile(argv[2]); // open output.txt\\n     ^\\nreformat.cpp:24:5: note: suggested alternative:\\nIn file included from C:/TDM-GCC-64/lib/gcc/x86_64-w64-mingw32/5.1.0/include/c++/ios:38:0,\\n                 from C:/TDM-GCC-64/lib/gcc/x86_64-w64-mingw32/5.1.0/include/c++/ostream:38,\\n                 from C:/TDM-GCC-64/lib/gcc/x86_64-w64-mingw32/5.1.0/include/c++/iostream:39,\\n                 from reformat.cpp:1:\\nC:/TDM-GCC-64/lib/gcc/x86_64-w64-mingw32/5.1.0/include/c++/iosfwd:165:34: note:   \\'std::ofstream\\'\\n   typedef basic_ofstream<char>   ofstream;\\n                                  ^\\nreformat.cpp:25:10: error: \\'outfile\\' was not declared in this scope\\n     if (!outfile.is_open())\\n          ^\\nreformat.cpp:27:9: error: \\'cerr\\' was not declared in this scope\\n         cerr << \"Unable to open file for writing: \" << argv[2] << endl;\\n         ^\\nreformat.cpp:27:9: note: suggested alternative:\\nIn file included from reformat.cpp:1:0:\\nC:/TDM-GCC-64/lib/gcc/x86_64-w64-mingw32/5.1.0/include/c++/iostream:62:18: note:   \\'std::cerr\\'\\n   extern ostream cerr;  /// Linked to standard error (unbuffered)\\n                  ^\\nreformat.cpp:31:5: error: \\'string\\' was not declared in this scope\\n     string firstName;\\n     ^\\nreformat.cpp:31:5: note: suggested alternatives:\\nIn file included from C:/TDM-GCC-64/lib/gcc/x86_64-w64-mingw32/5.1.0/include/c++/iosfwd:39:0,\\n                 from C:/TDM-GCC-64/lib/gcc/x86_64-w64-mingw32/5.1.0/include/c++/ios:38,\\n                 from C:/TDM-GCC-64/lib/gcc/x86_64-w64-mingw32/5.1.0/include/c++/ostream:38,\\n                 from C:/TDM-GCC-64/lib/gcc/x86_64-w64-mingw32/5.1.0/include/c++/iostream:39,\\n                 from reformat.cpp:1:\\nC:/TDM-GCC-64/lib/gcc/x86_64-w64-mingw32/5.1.0/include/c++/bits/stringfwd.h:74:33: note:   \\'std::__cxx11::string\\'\\n   typedef basic_string<char>    string;   \\n                                 ^\\nC:/TDM-GCC-64/lib/gcc/x86_64-w64-mingw32/5.1.0/include/c++/bits/stringfwd.h:74:33: note:   \\'std::__cxx11::string\\'\\nreformat.cpp:32:12: error: expected \\';\\' before \\'lastName\\'\\n     string lastName;\\n            ^\\nreformat.cpp:36:23: error: \\'firstName\\' was not declared in this scope\\n     while ( infile >> firstName >> lastName >> points >> factor)\\n                       ^\\nreformat.cpp:36:36: error: \\'lastName\\' was not declared in this scope\\n     while ( infile >> firstName >> lastName >> points >> factor)\\n                                    ^\\nreformat.cpp:39:8: error: \\'outfile\\' was not declared in this scope\\n        outfile << lastName << \", \" << firstName << \": \" << factor * points << endl;\\n        ^\\nreformat.cpp:43:5: error: \\'outfile\\' was not declared in this scope\\n     outfile.close();\\n     ^\\n\\n' == ''\nE             + Traceback (most recent call last):\nE             +   File \"C:\\Users\\noah1\\AppData\\Local\\Programs\\Python\\Python311\\Lib\\site-packages\\byu_pytest_utils\\dialog.py\", line 59, in dialog_exec\nE             +     executable = executable()\nE             +                  ^^^^^^^^^^^^\nE             +   File \"C:\\Users\\noah1\\Desktop\\school stuff\\Fall 2023\\CS235\\cs235-assignments\\Unit01-Intro-to-cpp\\homework1b-file-io\\test_reformat.py\", line 7, in reformat_bin\nE             +     return compile_cpp('reformat.cpp', output_exec='reformat')\nE             +            ^^^^^^^^^^^^^^^^^^^^^^^^^^^^^^^^^^^^^^^^^^^^^^^^^^^\nE             +   File \"C:\\Users\\noah1\\AppData\\Local\\Programs\\Python\\Python311\\Lib\\site-packages\\byu_pytest_utils\\cpp_utils.py\", line 12, in compile_cpp\nE             +     raise Exception(f'\"{command}\" failed:\\n{proc.stdout}')\nE             + Exception: \"g++ -Wall -std=c++17 -o reformat reformat.cpp\" failed:\nE             + reformat.cpp:3:16: error: expected ';' before ',' token\nE             +  using std::endl, std::cerr, std::string;\nE             +                 ^\nE             + reformat.cpp:3:16: error: expected unqualified-id before ',' token\nE             + reformat.cpp:3:27: error: expected constructor, destructor, or type conversion before ',' token\nE             +  using std::endl, std::cerr, std::string;\nE             +                            ^\nE             + reformat.cpp:3:40: error: expected constructor, destructor, or type conversion before ';' token\nE             +  using std::endl, std::cerr, std::string;\nE             +                                         ^\nE             + reformat.cpp:5:20: error: expected ';' before ',' token\nE             +  using std::ifstream, std::ofstream;\nE             +                     ^\nE             + reformat.cpp:5:20: error: expected unqualified-id before ',' token\nE             + reformat.cpp:5:35: error: expected constructor, destructor, or type conversion before ';' token\nE             +  using std::ifstream, std::ofstream;\nE             +                                    ^\nE             + reformat.cpp: In function 'int main(int, const char**)':\nE             + reformat.cpp:13:9: error: 'cerr' was not declared in this scope\nE             +          cerr << \"This program needs an input file, output file, points, and factor\" << endl;\nE             +          ^\nE             + reformat.cpp:13:9: note: suggested alternative:\nE             + In file included from reformat.cpp:1:0:\nE             + C:/TDM-GCC-64/lib/gcc/x86_64-w64-mingw32/5.1.0/include/c++/iostream:62:18: note:   'std::cerr'\nE             +    extern ostream cerr;  /// Linked to standard error (unbuffered)\nE             +                   ^\nE             + reformat.cpp:20:9: error: 'cerr' was not declared in this scope\nE             +          cerr << \"Unable to open file for reading: \" << argv[1] << endl;\nE             +          ^\nE             + reformat.cpp:20:9: note: suggested alternative:\nE             + In file included from reformat.cpp:1:0:\nE             + C:/TDM-GCC-64/lib/gcc/x86_64-w64-mingw32/5.1.0/include/c++/iostream:62:18: note:   'std::cerr'\nE             +    extern ostream cerr;  /// Linked to standard error (unbuffered)\nE             +                   ^\nE             + reformat.cpp:24:5: error: 'ofstream' was not declared in this scope\nE             +      ofstream outfile(argv[2]); // open output.txt\nE             +      ^\nE             + reformat.cpp:24:5: note: suggested alternative:\nE             + In file included from C:/TDM-GCC-64/lib/gcc/x86_64-w64-mingw32/5.1.0/include/c++/ios:38:0,\nE             +                  from C:/TDM-GCC-64/lib/gcc/x86_64-w64-mingw32/5.1.0/include/c++/ostream:38,\nE             +                  from C:/TDM-GCC-64/lib/gcc/x86_64-w64-mingw32/5.1.0/include/c++/iostream:39,\nE             +                  from reformat.cpp:1:\nE             + C:/TDM-GCC-64/lib/gcc/x86_64-w64-mingw32/5.1.0/include/c++/iosfwd:165:34: note:   'std::ofstream'\nE             +    typedef basic_ofstream<char>   ofstream;\nE             +                                   ^\nE             + reformat.cpp:25:10: error: 'outfile' was not declared in this scope\nE             +      if (!outfile.is_open())\nE             +           ^\nE             + reformat.cpp:27:9: error: 'cerr' was not declared in this scope\nE             +          cerr << \"Unable to open file for writing: \" << argv[2] << endl;\nE             +          ^\nE             + reformat.cpp:27:9: note: suggested alternative:\nE             + In file included from reformat.cpp:1:0:\nE             + C:/TDM-GCC-64/lib/gcc/x86_64-w64-mingw32/5.1.0/include/c++/iostream:62:18: note:   'std::cerr'\nE             +    extern ostream cerr;  /// Linked to standard error (unbuffered)\nE             +                   ^\nE             + reformat.cpp:31:5: error: 'string' was not declared in this scope\nE             +      string firstName;\nE             +      ^\nE             + reformat.cpp:31:5: note: suggested alternatives:\nE             + In file included from C:/TDM-GCC-64/lib/gcc/x86_64-w64-mingw32/5.1.0/include/c++/iosfwd:39:0,\nE             +                  from C:/TDM-GCC-64/lib/gcc/x86_64-w64-mingw32/5.1.0/include/c++/ios:38,\nE             +                  from C:/TDM-GCC-64/lib/gcc/x86_64-w64-mingw32/5.1.0/include/c++/ostream:38,\nE             +                  from C:/TDM-GCC-64/lib/gcc/x86_64-w64-mingw32/5.1.0/include/c++/iostream:39,\nE             +                  from reformat.cpp:1:\nE             + C:/TDM-GCC-64/lib/gcc/x86_64-w64-mingw32/5.1.0/include/c++/bits/stringfwd.h:74:33: note:   'std::__cxx11::string'\nE             +    typedef basic_string<char>    string;   \nE             +                                  ^\nE             + C:/TDM-GCC-64/lib/gcc/x86_64-w64-mingw32/5.1.0/include/c++/bits/stringfwd.h:74:33: note:   'std::__cxx11::string'\nE             + reformat.cpp:32:12: error: expected ';' before 'lastName'\nE             +      string lastName;\nE             +             ^\nE             + reformat.cpp:36:23: error: 'firstName' was not declared in this scope\nE             +      while ( infile >> firstName >> lastName >> points >> factor)\nE             +                        ^\nE             + reformat.cpp:36:36: error: 'lastName' was not declared in this scope\nE             +      while ( infile >> firstName >> lastName >> points >> factor)\nE             +                                     ^\nE             + reformat.cpp:39:8: error: 'outfile' was not declared in this scope\nE             +         outfile << lastName << \", \" << firstName << \": \" << factor * points << endl;\nE             +         ^\nE             + reformat.cpp:43:5: error: 'outfile' was not declared in this scope\nE             +      outfile.close();\nE             +      ^\nE             +\n\nC:\\Users\\noah1\\AppData\\Local\\Programs\\Python\\Python311\\Lib\\site-packages\\byu_pytest_utils\\dialog.py:31: AssertionError",
            "visibility": "visible"
        }
    ]
}