{
    "tests": [
        {
            "score": 1.0,
            "max_score": 1.0,
            "name": "test_head.py::test_no_arguments[everything-else]",
            "output": "\n",
            "visibility": "visible"
        },
        {
            "score": 0.2,
            "max_score": 0.2,
            "name": "test_head.py::test_only_number_of_lines[everything-else]",
            "output": "\n",
            "visibility": "visible"
        },
        {
            "score": 1.0,
            "max_score": 1.0,
            "name": "test_head.py::test_only_input_file[everything-else]",
            "output": "\n",
            "visibility": "visible"
        },
        {
            "score": 0.9,
            "max_score": 0.9,
            "name": "test_head.py::test_both_arguments[everything-else]",
            "output": "\n",
            "visibility": "visible"
        },
        {
            "score": 1.0,
            "max_score": 1.0,
            "name": "test_head.py::test_not_enough_lines[everything-else]",
            "output": "\n",
            "visibility": "visible"
        },
        {
            "score": 0.125,
            "max_score": 0.125,
            "name": "test_sort.py::test_1[everything-else]",
            "output": "\n",
            "visibility": "visible"
        },
        {
            "score": 4.125,
            "max_score": 4.125,
            "name": "test_sort.py::test_1[word-1]",
            "output": "\n",
            "visibility": "visible"
        },
        {
            "score": 4.125,
            "max_score": 4.125,
            "name": "test_sort.py::test_1[word-2]",
            "output": "\n",
            "visibility": "visible"
        },
        {
            "score": 0.125,
            "max_score": 0.125,
            "name": "test_sort.py::test_2[everything-else]",
            "output": "\n",
            "visibility": "visible"
        },
        {
            "score": 4.125,
            "max_score": 4.125,
            "name": "test_sort.py::test_2[word-1]",
            "output": "\n",
            "visibility": "visible"
        },
        {
            "score": 4.125,
            "max_score": 4.125,
            "name": "test_sort.py::test_2[word-2]",
            "output": "\n",
            "visibility": "visible"
        },
        {
            "score": 0.125,
            "max_score": 0.125,
            "name": "test_sort.py::test_3[everything-else]",
            "output": "\n",
            "visibility": "visible"
        },
        {
            "score": 4.125,
            "max_score": 4.125,
            "name": "test_sort.py::test_3[word-1]",
            "output": "\n",
            "visibility": "visible"
        },
        {
            "score": 4.125,
            "max_score": 4.125,
            "name": "test_sort.py::test_3[word-2]",
            "output": "\n",
            "visibility": "visible"
        },
        {
            "score": 0.125,
            "max_score": 0.125,
            "name": "test_sort.py::test_4[everything-else]",
            "output": "\n",
            "visibility": "visible"
        },
        {
            "score": 4.125,
            "max_score": 4.125,
            "name": "test_sort.py::test_4[word-1]",
            "output": "\n",
            "visibility": "visible"
        },
        {
            "score": 4.125,
            "max_score": 4.125,
            "name": "test_sort.py::test_4[word-2]",
            "output": "\n",
            "visibility": "visible"
        },
        {
            "score": 0.7875,
            "max_score": 0.9,
            "name": "test_head.py::test_no_arguments[line-1]",
            "output": "\ngroup_name = 'line-1'\n\n    def new_func(group_name):\n        group_stat = group_stats[group_name]\n        if not group_stat['passed']:\n>           assert group_stat['observed'] == group_stat['expected']\nE           AssertionError: assert 'aaaaaaa\\r' == 'aaaaaaa'\nE             - aaaaaaa\nE             + aaaaaaa\r\nE             ?        +\n\nC:\\Users\\noah1\\AppData\\Roaming\\Python\\Python311\\site-packages\\byu_pytest_utils\\dialog.py:31: AssertionError",
            "visibility": "visible"
        },
        {
            "score": 0.8,
            "max_score": 0.9,
            "name": "test_head.py::test_no_arguments[line-2]",
            "output": "\ngroup_name = 'line-2'\n\n    def new_func(group_name):\n        group_stat = group_stats[group_name]\n        if not group_stat['passed']:\n>           assert group_stat['observed'] == group_stat['expected']\nE           AssertionError: assert 'bbbbbbbb\\r' == 'bbbbbbbb'\nE             - bbbbbbbb\nE             + bbbbbbbb\r\nE             ?         +\n\nC:\\Users\\noah1\\AppData\\Roaming\\Python\\Python311\\site-packages\\byu_pytest_utils\\dialog.py:31: AssertionError",
            "visibility": "visible"
        },
        {
            "score": 0.45,
            "max_score": 0.9,
            "name": "test_head.py::test_no_arguments[line-3]",
            "output": "\ngroup_name = 'line-3'\n\n    def new_func(group_name):\n        group_stat = group_stats[group_name]\n        if not group_stat['passed']:\n>           assert group_stat['observed'] == group_stat['expected']\nE           AssertionError: assert 'c\\r' == 'c'\nE             - c\nE             + c\n\nC:\\Users\\noah1\\AppData\\Roaming\\Python\\Python311\\site-packages\\byu_pytest_utils\\dialog.py:31: AssertionError",
            "visibility": "visible"
        },
        {
            "score": 0.75,
            "max_score": 0.9,
            "name": "test_head.py::test_no_arguments[line-4]",
            "output": "\ngroup_name = 'line-4'\n\n    def new_func(group_name):\n        group_stat = group_stats[group_name]\n        if not group_stat['passed']:\n>           assert group_stat['observed'] == group_stat['expected']\nE           AssertionError: assert 'ddddd\\r' == 'ddddd'\nE             - ddddd\nE             + ddddd\r\nE             ?      +\n\nC:\\Users\\noah1\\AppData\\Roaming\\Python\\Python311\\site-packages\\byu_pytest_utils\\dialog.py:31: AssertionError",
            "visibility": "visible"
        },
        {
            "score": 0.6,
            "max_score": 0.9,
            "name": "test_head.py::test_no_arguments[line-5]",
            "output": "\ngroup_name = 'line-5'\n\n    def new_func(group_name):\n        group_stat = group_stats[group_name]\n        if not group_stat['passed']:\n>           assert group_stat['observed'] == group_stat['expected']\nE           AssertionError: assert 'ee\\r' == 'ee'\nE             - ee\nE             + ee\r\nE             ?   +\n\nC:\\Users\\noah1\\AppData\\Roaming\\Python\\Python311\\site-packages\\byu_pytest_utils\\dialog.py:31: AssertionError",
            "visibility": "visible"
        },
        {
            "score": 0.81,
            "max_score": 0.9,
            "name": "test_head.py::test_no_arguments[line-6]",
            "output": "\ngroup_name = 'line-6'\n\n    def new_func(group_name):\n        group_stat = group_stats[group_name]\n        if not group_stat['passed']:\n>           assert group_stat['observed'] == group_stat['expected']\nE           AssertionError: assert 'fffffffff\\r' == 'fffffffff'\nE             - fffffffff\nE             + fffffffff\r\nE             ?          +\n\nC:\\Users\\noah1\\AppData\\Roaming\\Python\\Python311\\site-packages\\byu_pytest_utils\\dialog.py:31: AssertionError",
            "visibility": "visible"
        },
        {
            "score": 0.8182,
            "max_score": 0.9,
            "name": "test_head.py::test_no_arguments[line-7]",
            "output": "\ngroup_name = 'line-7'\n\n    def new_func(group_name):\n        group_stat = group_stats[group_name]\n        if not group_stat['passed']:\n>           assert group_stat['observed'] == group_stat['expected']\nE           AssertionError: assert 'gggggggggg\\r' == 'gggggggggg'\nE             - gggggggggg\nE             + gggggggggg\r\nE             ?           +\n\nC:\\Users\\noah1\\AppData\\Roaming\\Python\\Python311\\site-packages\\byu_pytest_utils\\dialog.py:31: AssertionError",
            "visibility": "visible"
        },
        {
            "score": 0.72,
            "max_score": 0.9,
            "name": "test_head.py::test_no_arguments[line-8]",
            "output": "\ngroup_name = 'line-8'\n\n    def new_func(group_name):\n        group_stat = group_stats[group_name]\n        if not group_stat['passed']:\n>           assert group_stat['observed'] == group_stat['expected']\nE           AssertionError: assert 'hhhh\\r' == 'hhhh'\nE             - hhhh\nE             + hhhh\r\nE             ?     +\n\nC:\\Users\\noah1\\AppData\\Roaming\\Python\\Python311\\site-packages\\byu_pytest_utils\\dialog.py:31: AssertionError",
            "visibility": "visible"
        },
        {
            "score": 0.8,
            "max_score": 0.9,
            "name": "test_head.py::test_no_arguments[line-9]",
            "output": "\ngroup_name = 'line-9'\n\n    def new_func(group_name):\n        group_stat = group_stats[group_name]\n        if not group_stat['passed']:\n>           assert group_stat['observed'] == group_stat['expected']\nE           AssertionError: assert 'iiiiiiii\\r' == 'iiiiiiii'\nE             - iiiiiiii\nE             + iiiiiiii\r\nE             ?         +\n\nC:\\Users\\noah1\\AppData\\Roaming\\Python\\Python311\\site-packages\\byu_pytest_utils\\dialog.py:31: AssertionError",
            "visibility": "visible"
        },
        {
            "score": 0.8,
            "max_score": 0.9,
            "name": "test_head.py::test_no_arguments[line-10]",
            "output": "\ngroup_name = 'line-10'\n\n    def new_func(group_name):\n        group_stat = group_stats[group_name]\n        if not group_stat['passed']:\n>           assert group_stat['observed'] == group_stat['expected']\nE           AssertionError: assert 'jjjjjjjj\\r' == 'jjjjjjjj'\nE             - jjjjjjjj\nE             + jjjjjjjj\r\nE             ?         +\n\nC:\\Users\\noah1\\AppData\\Roaming\\Python\\Python311\\site-packages\\byu_pytest_utils\\dialog.py:31: AssertionError",
            "visibility": "visible"
        },
        {
            "score": 1.05,
            "max_score": 1.4,
            "name": "test_head.py::test_only_number_of_lines[line-1]",
            "output": "\ngroup_name = 'line-1'\n\n    def new_func(group_name):\n        group_stat = group_stats[group_name]\n        if not group_stat['passed']:\n>           assert group_stat['observed'] == group_stat['expected']\nE           AssertionError: assert 'aaa\\r' == 'aaa'\nE             - aaa\nE             + aaa\r\nE             ?    +\n\nC:\\Users\\noah1\\AppData\\Roaming\\Python\\Python311\\site-packages\\byu_pytest_utils\\dialog.py:31: AssertionError",
            "visibility": "visible"
        },
        {
            "score": 1.1667,
            "max_score": 1.4,
            "name": "test_head.py::test_only_number_of_lines[line-2]",
            "output": "\ngroup_name = 'line-2'\n\n    def new_func(group_name):\n        group_stat = group_stats[group_name]\n        if not group_stat['passed']:\n>           assert group_stat['observed'] == group_stat['expected']\nE           AssertionError: assert 'bbbbb\\r' == 'bbbbb'\nE             - bbbbb\nE             + bbbbb\r\nE             ?      +\n\nC:\\Users\\noah1\\AppData\\Roaming\\Python\\Python311\\site-packages\\byu_pytest_utils\\dialog.py:31: AssertionError",
            "visibility": "visible"
        },
        {
            "score": 0.7,
            "max_score": 1.4,
            "name": "test_head.py::test_only_number_of_lines[line-3]",
            "output": "\ngroup_name = 'line-3'\n\n    def new_func(group_name):\n        group_stat = group_stats[group_name]\n        if not group_stat['passed']:\n>           assert group_stat['observed'] == group_stat['expected']\nE           AssertionError: assert 'c\\r' == 'c'\nE             - c\nE             + c\n\nC:\\Users\\noah1\\AppData\\Roaming\\Python\\Python311\\site-packages\\byu_pytest_utils\\dialog.py:31: AssertionError",
            "visibility": "visible"
        },
        {
            "score": 1.2,
            "max_score": 1.4,
            "name": "test_head.py::test_only_number_of_lines[line-4]",
            "output": "\ngroup_name = 'line-4'\n\n    def new_func(group_name):\n        group_stat = group_stats[group_name]\n        if not group_stat['passed']:\n>           assert group_stat['observed'] == group_stat['expected']\nE           AssertionError: assert 'dddddd\\r' == 'dddddd'\nE             - dddddd\nE             + dddddd\r\nE             ?       +\n\nC:\\Users\\noah1\\AppData\\Roaming\\Python\\Python311\\site-packages\\byu_pytest_utils\\dialog.py:31: AssertionError",
            "visibility": "visible"
        },
        {
            "score": 1.2,
            "max_score": 1.4,
            "name": "test_head.py::test_only_number_of_lines[line-5]",
            "output": "\ngroup_name = 'line-5'\n\n    def new_func(group_name):\n        group_stat = group_stats[group_name]\n        if not group_stat['passed']:\n>           assert group_stat['observed'] == group_stat['expected']\nE           AssertionError: assert 'eeeeee\\r' == 'eeeeee'\nE             - eeeeee\nE             + eeeeee\r\nE             ?       +\n\nC:\\Users\\noah1\\AppData\\Roaming\\Python\\Python311\\site-packages\\byu_pytest_utils\\dialog.py:31: AssertionError",
            "visibility": "visible"
        },
        {
            "score": 1.1667,
            "max_score": 1.4,
            "name": "test_head.py::test_only_number_of_lines[line-6]",
            "output": "\ngroup_name = 'line-6'\n\n    def new_func(group_name):\n        group_stat = group_stats[group_name]\n        if not group_stat['passed']:\n>           assert group_stat['observed'] == group_stat['expected']\nE           AssertionError: assert 'fffff\\r' == 'fffff'\nE             - fffff\nE             + fffff\r\nE             ?      +\n\nC:\\Users\\noah1\\AppData\\Roaming\\Python\\Python311\\site-packages\\byu_pytest_utils\\dialog.py:31: AssertionError",
            "visibility": "visible"
        },
        {
            "score": 0.9333,
            "max_score": 1.4,
            "name": "test_head.py::test_only_number_of_lines[line-7]",
            "output": "\ngroup_name = 'line-7'\n\n    def new_func(group_name):\n        group_stat = group_stats[group_name]\n        if not group_stat['passed']:\n>           assert group_stat['observed'] == group_stat['expected']\nE           AssertionError: assert 'gg\\r' == 'gg'\nE             - gg\nE             + gg\r\nE             ?   +\n\nC:\\Users\\noah1\\AppData\\Roaming\\Python\\Python311\\site-packages\\byu_pytest_utils\\dialog.py:31: AssertionError",
            "visibility": "visible"
        },
        {
            "score": 0.45,
            "max_score": 0.9,
            "name": "test_head.py::test_only_input_file[line-1]",
            "output": "\ngroup_name = 'line-1'\n\n    def new_func(group_name):\n        group_stat = group_stats[group_name]\n        if not group_stat['passed']:\n>           assert group_stat['observed'] == group_stat['expected']\nE           AssertionError: assert '1\\r' == '1'\nE             - 1\nE             + 1\n\nC:\\Users\\noah1\\AppData\\Roaming\\Python\\Python311\\site-packages\\byu_pytest_utils\\dialog.py:31: AssertionError",
            "visibility": "visible"
        },
        {
            "score": 0.45,
            "max_score": 0.9,
            "name": "test_head.py::test_only_input_file[line-2]",
            "output": "\ngroup_name = 'line-2'\n\n    def new_func(group_name):\n        group_stat = group_stats[group_name]\n        if not group_stat['passed']:\n>           assert group_stat['observed'] == group_stat['expected']\nE           AssertionError: assert '2\\r' == '2'\nE             - 2\nE             + 2\n\nC:\\Users\\noah1\\AppData\\Roaming\\Python\\Python311\\site-packages\\byu_pytest_utils\\dialog.py:31: AssertionError",
            "visibility": "visible"
        },
        {
            "score": 0.45,
            "max_score": 0.9,
            "name": "test_head.py::test_only_input_file[line-3]",
            "output": "\ngroup_name = 'line-3'\n\n    def new_func(group_name):\n        group_stat = group_stats[group_name]\n        if not group_stat['passed']:\n>           assert group_stat['observed'] == group_stat['expected']\nE           AssertionError: assert '3\\r' == '3'\nE             - 3\nE             + 3\n\nC:\\Users\\noah1\\AppData\\Roaming\\Python\\Python311\\site-packages\\byu_pytest_utils\\dialog.py:31: AssertionError",
            "visibility": "visible"
        },
        {
            "score": 0.45,
            "max_score": 0.9,
            "name": "test_head.py::test_only_input_file[line-4]",
            "output": "\ngroup_name = 'line-4'\n\n    def new_func(group_name):\n        group_stat = group_stats[group_name]\n        if not group_stat['passed']:\n>           assert group_stat['observed'] == group_stat['expected']\nE           AssertionError: assert '4\\r' == '4'\nE             - 4\nE             + 4\n\nC:\\Users\\noah1\\AppData\\Roaming\\Python\\Python311\\site-packages\\byu_pytest_utils\\dialog.py:31: AssertionError",
            "visibility": "visible"
        },
        {
            "score": 0.45,
            "max_score": 0.9,
            "name": "test_head.py::test_only_input_file[line-5]",
            "output": "\ngroup_name = 'line-5'\n\n    def new_func(group_name):\n        group_stat = group_stats[group_name]\n        if not group_stat['passed']:\n>           assert group_stat['observed'] == group_stat['expected']\nE           AssertionError: assert '5\\r' == '5'\nE             - 5\nE             + 5\n\nC:\\Users\\noah1\\AppData\\Roaming\\Python\\Python311\\site-packages\\byu_pytest_utils\\dialog.py:31: AssertionError",
            "visibility": "visible"
        },
        {
            "score": 0.45,
            "max_score": 0.9,
            "name": "test_head.py::test_only_input_file[line-6]",
            "output": "\ngroup_name = 'line-6'\n\n    def new_func(group_name):\n        group_stat = group_stats[group_name]\n        if not group_stat['passed']:\n>           assert group_stat['observed'] == group_stat['expected']\nE           AssertionError: assert '6\\r' == '6'\nE             - 6\nE             + 6\n\nC:\\Users\\noah1\\AppData\\Roaming\\Python\\Python311\\site-packages\\byu_pytest_utils\\dialog.py:31: AssertionError",
            "visibility": "visible"
        },
        {
            "score": 0.45,
            "max_score": 0.9,
            "name": "test_head.py::test_only_input_file[line-7]",
            "output": "\ngroup_name = 'line-7'\n\n    def new_func(group_name):\n        group_stat = group_stats[group_name]\n        if not group_stat['passed']:\n>           assert group_stat['observed'] == group_stat['expected']\nE           AssertionError: assert '7\\r' == '7'\nE             - 7\nE             + 7\n\nC:\\Users\\noah1\\AppData\\Roaming\\Python\\Python311\\site-packages\\byu_pytest_utils\\dialog.py:31: AssertionError",
            "visibility": "visible"
        },
        {
            "score": 0.45,
            "max_score": 0.9,
            "name": "test_head.py::test_only_input_file[line-8]",
            "output": "\ngroup_name = 'line-8'\n\n    def new_func(group_name):\n        group_stat = group_stats[group_name]\n        if not group_stat['passed']:\n>           assert group_stat['observed'] == group_stat['expected']\nE           AssertionError: assert '8\\r' == '8'\nE             - 8\nE             + 8\n\nC:\\Users\\noah1\\AppData\\Roaming\\Python\\Python311\\site-packages\\byu_pytest_utils\\dialog.py:31: AssertionError",
            "visibility": "visible"
        },
        {
            "score": 0.45,
            "max_score": 0.9,
            "name": "test_head.py::test_only_input_file[line-9]",
            "output": "\ngroup_name = 'line-9'\n\n    def new_func(group_name):\n        group_stat = group_stats[group_name]\n        if not group_stat['passed']:\n>           assert group_stat['observed'] == group_stat['expected']\nE           AssertionError: assert '9\\r' == '9'\nE             - 9\nE             + 9\n\nC:\\Users\\noah1\\AppData\\Roaming\\Python\\Python311\\site-packages\\byu_pytest_utils\\dialog.py:31: AssertionError",
            "visibility": "visible"
        },
        {
            "score": 0.6,
            "max_score": 0.9,
            "name": "test_head.py::test_only_input_file[line-10]",
            "output": "\ngroup_name = 'line-10'\n\n    def new_func(group_name):\n        group_stat = group_stats[group_name]\n        if not group_stat['passed']:\n>           assert group_stat['observed'] == group_stat['expected']\nE           AssertionError: assert '10\\r' == '10'\nE             - 10\nE             + 10\r\nE             ?   +\n\nC:\\Users\\noah1\\AppData\\Roaming\\Python\\Python311\\site-packages\\byu_pytest_utils\\dialog.py:31: AssertionError",
            "visibility": "visible"
        },
        {
            "score": 0.35,
            "max_score": 0.7,
            "name": "test_head.py::test_both_arguments[line-1]",
            "output": "\ngroup_name = 'line-1'\n\n    def new_func(group_name):\n        group_stat = group_stats[group_name]\n        if not group_stat['passed']:\n>           assert group_stat['observed'] == group_stat['expected']\nE           AssertionError: assert '1\\r' == '1'\nE             - 1\nE             + 1\n\nC:\\Users\\noah1\\AppData\\Roaming\\Python\\Python311\\site-packages\\byu_pytest_utils\\dialog.py:31: AssertionError",
            "visibility": "visible"
        },
        {
            "score": 0.35,
            "max_score": 0.7,
            "name": "test_head.py::test_both_arguments[line-2]",
            "output": "\ngroup_name = 'line-2'\n\n    def new_func(group_name):\n        group_stat = group_stats[group_name]\n        if not group_stat['passed']:\n>           assert group_stat['observed'] == group_stat['expected']\nE           AssertionError: assert '2\\r' == '2'\nE             - 2\nE             + 2\n\nC:\\Users\\noah1\\AppData\\Roaming\\Python\\Python311\\site-packages\\byu_pytest_utils\\dialog.py:31: AssertionError",
            "visibility": "visible"
        },
        {
            "score": 0.35,
            "max_score": 0.7,
            "name": "test_head.py::test_both_arguments[line-3]",
            "output": "\ngroup_name = 'line-3'\n\n    def new_func(group_name):\n        group_stat = group_stats[group_name]\n        if not group_stat['passed']:\n>           assert group_stat['observed'] == group_stat['expected']\nE           AssertionError: assert '3\\r' == '3'\nE             - 3\nE             + 3\n\nC:\\Users\\noah1\\AppData\\Roaming\\Python\\Python311\\site-packages\\byu_pytest_utils\\dialog.py:31: AssertionError",
            "visibility": "visible"
        },
        {
            "score": 0.35,
            "max_score": 0.7,
            "name": "test_head.py::test_both_arguments[line-4]",
            "output": "\ngroup_name = 'line-4'\n\n    def new_func(group_name):\n        group_stat = group_stats[group_name]\n        if not group_stat['passed']:\n>           assert group_stat['observed'] == group_stat['expected']\nE           AssertionError: assert '4\\r' == '4'\nE             - 4\nE             + 4\n\nC:\\Users\\noah1\\AppData\\Roaming\\Python\\Python311\\site-packages\\byu_pytest_utils\\dialog.py:31: AssertionError",
            "visibility": "visible"
        },
        {
            "score": 0.35,
            "max_score": 0.7,
            "name": "test_head.py::test_both_arguments[line-5]",
            "output": "\ngroup_name = 'line-5'\n\n    def new_func(group_name):\n        group_stat = group_stats[group_name]\n        if not group_stat['passed']:\n>           assert group_stat['observed'] == group_stat['expected']\nE           AssertionError: assert '5\\r' == '5'\nE             - 5\nE             + 5\n\nC:\\Users\\noah1\\AppData\\Roaming\\Python\\Python311\\site-packages\\byu_pytest_utils\\dialog.py:31: AssertionError",
            "visibility": "visible"
        },
        {
            "score": 0.35,
            "max_score": 0.7,
            "name": "test_head.py::test_both_arguments[line-6]",
            "output": "\ngroup_name = 'line-6'\n\n    def new_func(group_name):\n        group_stat = group_stats[group_name]\n        if not group_stat['passed']:\n>           assert group_stat['observed'] == group_stat['expected']\nE           AssertionError: assert '6\\r' == '6'\nE             - 6\nE             + 6\n\nC:\\Users\\noah1\\AppData\\Roaming\\Python\\Python311\\site-packages\\byu_pytest_utils\\dialog.py:31: AssertionError",
            "visibility": "visible"
        },
        {
            "score": 0.35,
            "max_score": 0.7,
            "name": "test_head.py::test_both_arguments[line-7]",
            "output": "\ngroup_name = 'line-7'\n\n    def new_func(group_name):\n        group_stat = group_stats[group_name]\n        if not group_stat['passed']:\n>           assert group_stat['observed'] == group_stat['expected']\nE           AssertionError: assert '7\\r' == '7'\nE             - 7\nE             + 7\n\nC:\\Users\\noah1\\AppData\\Roaming\\Python\\Python311\\site-packages\\byu_pytest_utils\\dialog.py:31: AssertionError",
            "visibility": "visible"
        },
        {
            "score": 0.35,
            "max_score": 0.7,
            "name": "test_head.py::test_both_arguments[line-8]",
            "output": "\ngroup_name = 'line-8'\n\n    def new_func(group_name):\n        group_stat = group_stats[group_name]\n        if not group_stat['passed']:\n>           assert group_stat['observed'] == group_stat['expected']\nE           AssertionError: assert '8\\r' == '8'\nE             - 8\nE             + 8\n\nC:\\Users\\noah1\\AppData\\Roaming\\Python\\Python311\\site-packages\\byu_pytest_utils\\dialog.py:31: AssertionError",
            "visibility": "visible"
        },
        {
            "score": 0.35,
            "max_score": 0.7,
            "name": "test_head.py::test_both_arguments[line-9]",
            "output": "\ngroup_name = 'line-9'\n\n    def new_func(group_name):\n        group_stat = group_stats[group_name]\n        if not group_stat['passed']:\n>           assert group_stat['observed'] == group_stat['expected']\nE           AssertionError: assert '9\\r' == '9'\nE             - 9\nE             + 9\n\nC:\\Users\\noah1\\AppData\\Roaming\\Python\\Python311\\site-packages\\byu_pytest_utils\\dialog.py:31: AssertionError",
            "visibility": "visible"
        },
        {
            "score": 0.4667,
            "max_score": 0.7,
            "name": "test_head.py::test_both_arguments[line-10]",
            "output": "\ngroup_name = 'line-10'\n\n    def new_func(group_name):\n        group_stat = group_stats[group_name]\n        if not group_stat['passed']:\n>           assert group_stat['observed'] == group_stat['expected']\nE           AssertionError: assert '10\\r' == '10'\nE             - 10\nE             + 10\r\nE             ?   +\n\nC:\\Users\\noah1\\AppData\\Roaming\\Python\\Python311\\site-packages\\byu_pytest_utils\\dialog.py:31: AssertionError",
            "visibility": "visible"
        },
        {
            "score": 0.4667,
            "max_score": 0.7,
            "name": "test_head.py::test_both_arguments[line-11]",
            "output": "\ngroup_name = 'line-11'\n\n    def new_func(group_name):\n        group_stat = group_stats[group_name]\n        if not group_stat['passed']:\n>           assert group_stat['observed'] == group_stat['expected']\nE           AssertionError: assert '11\\r' == '11'\nE             - 11\nE             + 11\r\nE             ?   +\n\nC:\\Users\\noah1\\AppData\\Roaming\\Python\\Python311\\site-packages\\byu_pytest_utils\\dialog.py:31: AssertionError",
            "visibility": "visible"
        },
        {
            "score": 0.4667,
            "max_score": 0.7,
            "name": "test_head.py::test_both_arguments[line-12]",
            "output": "\ngroup_name = 'line-12'\n\n    def new_func(group_name):\n        group_stat = group_stats[group_name]\n        if not group_stat['passed']:\n>           assert group_stat['observed'] == group_stat['expected']\nE           AssertionError: assert '12\\r' == '12'\nE             - 12\nE             + 12\r\nE             ?   +\n\nC:\\Users\\noah1\\AppData\\Roaming\\Python\\Python311\\site-packages\\byu_pytest_utils\\dialog.py:31: AssertionError",
            "visibility": "visible"
        },
        {
            "score": 0.4667,
            "max_score": 0.7,
            "name": "test_head.py::test_both_arguments[line-13]",
            "output": "\ngroup_name = 'line-13'\n\n    def new_func(group_name):\n        group_stat = group_stats[group_name]\n        if not group_stat['passed']:\n>           assert group_stat['observed'] == group_stat['expected']\nE           AssertionError: assert '13\\r' == '13'\nE             - 13\nE             + 13\r\nE             ?   +\n\nC:\\Users\\noah1\\AppData\\Roaming\\Python\\Python311\\site-packages\\byu_pytest_utils\\dialog.py:31: AssertionError",
            "visibility": "visible"
        },
        {
            "score": 0.3,
            "max_score": 0.6,
            "name": "test_head.py::test_not_enough_lines[line-1]",
            "output": "\ngroup_name = 'line-1'\n\n    def new_func(group_name):\n        group_stat = group_stats[group_name]\n        if not group_stat['passed']:\n>           assert group_stat['observed'] == group_stat['expected']\nE           AssertionError: assert '1\\r' == '1'\nE             - 1\nE             + 1\n\nC:\\Users\\noah1\\AppData\\Roaming\\Python\\Python311\\site-packages\\byu_pytest_utils\\dialog.py:31: AssertionError",
            "visibility": "visible"
        },
        {
            "score": 0.3,
            "max_score": 0.6,
            "name": "test_head.py::test_not_enough_lines[line-2]",
            "output": "\ngroup_name = 'line-2'\n\n    def new_func(group_name):\n        group_stat = group_stats[group_name]\n        if not group_stat['passed']:\n>           assert group_stat['observed'] == group_stat['expected']\nE           AssertionError: assert '2\\r' == '2'\nE             - 2\nE             + 2\n\nC:\\Users\\noah1\\AppData\\Roaming\\Python\\Python311\\site-packages\\byu_pytest_utils\\dialog.py:31: AssertionError",
            "visibility": "visible"
        },
        {
            "score": 0.3,
            "max_score": 0.6,
            "name": "test_head.py::test_not_enough_lines[line-3]",
            "output": "\ngroup_name = 'line-3'\n\n    def new_func(group_name):\n        group_stat = group_stats[group_name]\n        if not group_stat['passed']:\n>           assert group_stat['observed'] == group_stat['expected']\nE           AssertionError: assert '3\\r' == '3'\nE             - 3\nE             + 3\n\nC:\\Users\\noah1\\AppData\\Roaming\\Python\\Python311\\site-packages\\byu_pytest_utils\\dialog.py:31: AssertionError",
            "visibility": "visible"
        },
        {
            "score": 0.3,
            "max_score": 0.6,
            "name": "test_head.py::test_not_enough_lines[line-4]",
            "output": "\ngroup_name = 'line-4'\n\n    def new_func(group_name):\n        group_stat = group_stats[group_name]\n        if not group_stat['passed']:\n>           assert group_stat['observed'] == group_stat['expected']\nE           AssertionError: assert '4\\r' == '4'\nE             - 4\nE             + 4\n\nC:\\Users\\noah1\\AppData\\Roaming\\Python\\Python311\\site-packages\\byu_pytest_utils\\dialog.py:31: AssertionError",
            "visibility": "visible"
        },
        {
            "score": 0.3,
            "max_score": 0.6,
            "name": "test_head.py::test_not_enough_lines[line-5]",
            "output": "\ngroup_name = 'line-5'\n\n    def new_func(group_name):\n        group_stat = group_stats[group_name]\n        if not group_stat['passed']:\n>           assert group_stat['observed'] == group_stat['expected']\nE           AssertionError: assert '5\\r' == '5'\nE             - 5\nE             + 5\n\nC:\\Users\\noah1\\AppData\\Roaming\\Python\\Python311\\site-packages\\byu_pytest_utils\\dialog.py:31: AssertionError",
            "visibility": "visible"
        },
        {
            "score": 0.3,
            "max_score": 0.6,
            "name": "test_head.py::test_not_enough_lines[line-6]",
            "output": "\ngroup_name = 'line-6'\n\n    def new_func(group_name):\n        group_stat = group_stats[group_name]\n        if not group_stat['passed']:\n>           assert group_stat['observed'] == group_stat['expected']\nE           AssertionError: assert '6\\r' == '6'\nE             - 6\nE             + 6\n\nC:\\Users\\noah1\\AppData\\Roaming\\Python\\Python311\\site-packages\\byu_pytest_utils\\dialog.py:31: AssertionError",
            "visibility": "visible"
        },
        {
            "score": 0.3,
            "max_score": 0.6,
            "name": "test_head.py::test_not_enough_lines[line-7]",
            "output": "\ngroup_name = 'line-7'\n\n    def new_func(group_name):\n        group_stat = group_stats[group_name]\n        if not group_stat['passed']:\n>           assert group_stat['observed'] == group_stat['expected']\nE           AssertionError: assert '7\\r' == '7'\nE             - 7\nE             + 7\n\nC:\\Users\\noah1\\AppData\\Roaming\\Python\\Python311\\site-packages\\byu_pytest_utils\\dialog.py:31: AssertionError",
            "visibility": "visible"
        },
        {
            "score": 0.3,
            "max_score": 0.6,
            "name": "test_head.py::test_not_enough_lines[line-8]",
            "output": "\ngroup_name = 'line-8'\n\n    def new_func(group_name):\n        group_stat = group_stats[group_name]\n        if not group_stat['passed']:\n>           assert group_stat['observed'] == group_stat['expected']\nE           AssertionError: assert '8\\r' == '8'\nE             - 8\nE             + 8\n\nC:\\Users\\noah1\\AppData\\Roaming\\Python\\Python311\\site-packages\\byu_pytest_utils\\dialog.py:31: AssertionError",
            "visibility": "visible"
        },
        {
            "score": 0.3,
            "max_score": 0.6,
            "name": "test_head.py::test_not_enough_lines[line-9]",
            "output": "\ngroup_name = 'line-9'\n\n    def new_func(group_name):\n        group_stat = group_stats[group_name]\n        if not group_stat['passed']:\n>           assert group_stat['observed'] == group_stat['expected']\nE           AssertionError: assert '9\\r' == '9'\nE             - 9\nE             + 9\n\nC:\\Users\\noah1\\AppData\\Roaming\\Python\\Python311\\site-packages\\byu_pytest_utils\\dialog.py:31: AssertionError",
            "visibility": "visible"
        },
        {
            "score": 0.4,
            "max_score": 0.6,
            "name": "test_head.py::test_not_enough_lines[line-10]",
            "output": "\ngroup_name = 'line-10'\n\n    def new_func(group_name):\n        group_stat = group_stats[group_name]\n        if not group_stat['passed']:\n>           assert group_stat['observed'] == group_stat['expected']\nE           AssertionError: assert '10\\r' == '10'\nE             - 10\nE             + 10\r\nE             ?   +\n\nC:\\Users\\noah1\\AppData\\Roaming\\Python\\Python311\\site-packages\\byu_pytest_utils\\dialog.py:31: AssertionError",
            "visibility": "visible"
        },
        {
            "score": 0.4,
            "max_score": 0.6,
            "name": "test_head.py::test_not_enough_lines[line-11]",
            "output": "\ngroup_name = 'line-11'\n\n    def new_func(group_name):\n        group_stat = group_stats[group_name]\n        if not group_stat['passed']:\n>           assert group_stat['observed'] == group_stat['expected']\nE           AssertionError: assert '11\\r' == '11'\nE             - 11\nE             + 11\r\nE             ?   +\n\nC:\\Users\\noah1\\AppData\\Roaming\\Python\\Python311\\site-packages\\byu_pytest_utils\\dialog.py:31: AssertionError",
            "visibility": "visible"
        },
        {
            "score": 0.4,
            "max_score": 0.6,
            "name": "test_head.py::test_not_enough_lines[line-12]",
            "output": "\ngroup_name = 'line-12'\n\n    def new_func(group_name):\n        group_stat = group_stats[group_name]\n        if not group_stat['passed']:\n>           assert group_stat['observed'] == group_stat['expected']\nE           AssertionError: assert '12\\r' == '12'\nE             - 12\nE             + 12\r\nE             ?   +\n\nC:\\Users\\noah1\\AppData\\Roaming\\Python\\Python311\\site-packages\\byu_pytest_utils\\dialog.py:31: AssertionError",
            "visibility": "visible"
        },
        {
            "score": 0.4,
            "max_score": 0.6,
            "name": "test_head.py::test_not_enough_lines[line-13]",
            "output": "\ngroup_name = 'line-13'\n\n    def new_func(group_name):\n        group_stat = group_stats[group_name]\n        if not group_stat['passed']:\n>           assert group_stat['observed'] == group_stat['expected']\nE           AssertionError: assert '13\\r' == '13'\nE             - 13\nE             + 13\r\nE             ?   +\n\nC:\\Users\\noah1\\AppData\\Roaming\\Python\\Python311\\site-packages\\byu_pytest_utils\\dialog.py:31: AssertionError",
            "visibility": "visible"
        },
        {
            "score": 0.4,
            "max_score": 0.6,
            "name": "test_head.py::test_not_enough_lines[line-14]",
            "output": "\ngroup_name = 'line-14'\n\n    def new_func(group_name):\n        group_stat = group_stats[group_name]\n        if not group_stat['passed']:\n>           assert group_stat['observed'] == group_stat['expected']\nE           AssertionError: assert '14\\r' == '14'\nE             - 14\nE             + 14\r\nE             ?   +\n\nC:\\Users\\noah1\\AppData\\Roaming\\Python\\Python311\\site-packages\\byu_pytest_utils\\dialog.py:31: AssertionError",
            "visibility": "visible"
        },
        {
            "score": 0.4,
            "max_score": 0.6,
            "name": "test_head.py::test_not_enough_lines[line-15]",
            "output": "\ngroup_name = 'line-15'\n\n    def new_func(group_name):\n        group_stat = group_stats[group_name]\n        if not group_stat['passed']:\n>           assert group_stat['observed'] == group_stat['expected']\nE           AssertionError: assert '15\\r' == '15'\nE             - 15\nE             + 15\r\nE             ?   +\n\nC:\\Users\\noah1\\AppData\\Roaming\\Python\\Python311\\site-packages\\byu_pytest_utils\\dialog.py:31: AssertionError",
            "visibility": "visible"
        },
        {
            "score": 3.7812,
            "max_score": 4.125,
            "name": "test_sort.py::test_1[word-3]",
            "output": "\ngroup_name = 'word-3'\n\n    def new_func(group_name):\n        group_stat = group_stats[group_name]\n        if not group_stat['passed']:\n>           assert group_stat['observed'] == group_stat['expected']\nE           AssertionError: assert 'indomitable\\r' == 'indomitable'\nE             - indomitable\nE             + indomitable\r\nE             ?            +\n\nC:\\Users\\noah1\\AppData\\Roaming\\Python\\Python311\\site-packages\\byu_pytest_utils\\dialog.py:31: AssertionError",
            "visibility": "visible"
        },
        {
            "score": 3.6094,
            "max_score": 4.125,
            "name": "test_sort.py::test_2[word-3]",
            "output": "\ngroup_name = 'word-3'\n\n    def new_func(group_name):\n        group_stat = group_stats[group_name]\n        if not group_stat['passed']:\n>           assert group_stat['observed'] == group_stat['expected']\nE           AssertionError: assert 'furtive\\r' == 'furtive'\nE             - furtive\nE             + furtive\r\nE             ?        +\n\nC:\\Users\\noah1\\AppData\\Roaming\\Python\\Python311\\site-packages\\byu_pytest_utils\\dialog.py:31: AssertionError",
            "visibility": "visible"
        },
        {
            "score": 3.5357,
            "max_score": 4.125,
            "name": "test_sort.py::test_3[word-3]",
            "output": "\ngroup_name = 'word-3'\n\n    def new_func(group_name):\n        group_stat = group_stats[group_name]\n        if not group_stat['passed']:\n>           assert group_stat['observed'] == group_stat['expected']\nE           AssertionError: assert 'deluge\\r' == 'deluge'\nE             - deluge\nE             + deluge\r\nE             ?       +\n\nC:\\Users\\noah1\\AppData\\Roaming\\Python\\Python311\\site-packages\\byu_pytest_utils\\dialog.py:31: AssertionError",
            "visibility": "visible"
        },
        {
            "score": 3.8077,
            "max_score": 4.125,
            "name": "test_sort.py::test_4[word-3]",
            "output": "\ngroup_name = 'word-3'\n\n    def new_func(group_name):\n        group_stat = group_stats[group_name]\n        if not group_stat['passed']:\n>           assert group_stat['observed'] == group_stat['expected']\nE           AssertionError: assert 'multifarious\\r' == 'multifarious'\nE             - multifarious\nE             + multifarious\r\nE             ?             +\n\nC:\\Users\\noah1\\AppData\\Roaming\\Python\\Python311\\site-packages\\byu_pytest_utils\\dialog.py:31: AssertionError",
            "visibility": "visible"
        }
    ]
}